Classic Timing Analyzer report for CPU
Tue Dec 03 18:02:58 2019
Quartus II 64-Bit Version 9.1 Build 350 03/24/2010 Service Pack 2 SJ Full Version


---------------------
; Table of Contents ;
---------------------
  1. Legal Notice
  2. Timing Analyzer Summary
  3. Timing Analyzer Settings
  4. Clock Settings Summary
  5. Parallel Compilation
  6. Clock Setup: 'clk'
  7. tco
  8. Timing Analyzer Messages



----------------
; Legal Notice ;
----------------
Copyright (C) 1991-2010 Altera Corporation
Your use of Altera Corporation's design tools, logic functions 
and other software and tools, and its AMPP partner logic 
functions, and any output files from any of the foregoing 
(including device programming or simulation files), and any 
associated documentation or information are expressly subject 
to the terms and conditions of the Altera Program License 
Subscription Agreement, Altera MegaCore Function License 
Agreement, or other applicable license agreement, including, 
without limitation, that your use is for the sole purpose of 
programming logic devices manufactured by Altera and sold by 
Altera or its authorized distributors.  Please refer to the 
applicable agreement for further details.



+--------------------------------------------------------------------------------------------------------------------------------------------------------------------------------------------+
; Timing Analyzer Summary                                                                                                                                                                    ;
+------------------------------+-------+---------------+------------------------------------------------+----------------------+----------------------+------------+----------+--------------+
; Type                         ; Slack ; Required Time ; Actual Time                                    ; From                 ; To                   ; From Clock ; To Clock ; Failed Paths ;
+------------------------------+-------+---------------+------------------------------------------------+----------------------+----------------------+------------+----------+--------------+
; Worst-case tco               ; N/A   ; None          ; 6.923 ns                                       ; Register:regX|out[2] ; outX[2]              ; clk        ; --       ; 0            ;
; Clock Setup: 'clk'           ; N/A   ; None          ; Restricted to 500.00 MHz ( period = 2.000 ns ) ; PC:blockPC|out[0]    ; Register:regX|out[2] ; clk        ; clk      ; 0            ;
; Total number of failed paths ;       ;               ;                                                ;                      ;                      ;            ;          ; 0            ;
+------------------------------+-------+---------------+------------------------------------------------+----------------------+----------------------+------------+----------+--------------+


+-----------------------------------------------------------------------------------------------------------------------------------------------------+
; Timing Analyzer Settings                                                                                                                            ;
+------------------------------------------------------------------------------------------------------+--------------------+------+----+-------------+
; Option                                                                                               ; Setting            ; From ; To ; Entity Name ;
+------------------------------------------------------------------------------------------------------+--------------------+------+----+-------------+
; Device Name                                                                                          ; EP2S15F484C3       ;      ;    ;             ;
; Timing Models                                                                                        ; Final              ;      ;    ;             ;
; Default hold multicycle                                                                              ; Same as Multicycle ;      ;    ;             ;
; Cut paths between unrelated clock domains                                                            ; On                 ;      ;    ;             ;
; Cut off read during write signal paths                                                               ; On                 ;      ;    ;             ;
; Cut off feedback from I/O pins                                                                       ; On                 ;      ;    ;             ;
; Report Combined Fast/Slow Timing                                                                     ; Off                ;      ;    ;             ;
; Ignore Clock Settings                                                                                ; Off                ;      ;    ;             ;
; Analyze latches as synchronous elements                                                              ; On                 ;      ;    ;             ;
; Enable Recovery/Removal analysis                                                                     ; Off                ;      ;    ;             ;
; Enable Clock Latency                                                                                 ; Off                ;      ;    ;             ;
; Use TimeQuest Timing Analyzer                                                                        ; Off                ;      ;    ;             ;
; Number of source nodes to report per destination node                                                ; 10                 ;      ;    ;             ;
; Number of destination nodes to report                                                                ; 10                 ;      ;    ;             ;
; Number of paths to report                                                                            ; 200                ;      ;    ;             ;
; Report Minimum Timing Checks                                                                         ; Off                ;      ;    ;             ;
; Use Fast Timing Models                                                                               ; Off                ;      ;    ;             ;
; Report IO Paths Separately                                                                           ; Off                ;      ;    ;             ;
; Perform Multicorner Analysis                                                                         ; On                 ;      ;    ;             ;
; Reports the worst-case path for each clock domain and analysis                                       ; Off                ;      ;    ;             ;
; Reports worst-case timing paths for each clock domain and analysis                                   ; Off                ;      ;    ;             ;
; Specifies the maximum number of worst-case timing paths to report for each clock domain and analysis ; 100                ;      ;    ;             ;
; Removes common clock path pessimism (CCPP) during slack computation                                  ; Off                ;      ;    ;             ;
; Output I/O Timing Endpoint                                                                           ; Near End           ;      ;    ;             ;
+------------------------------------------------------------------------------------------------------+--------------------+------+----+-------------+


+------------------------------------------------------------------------------------------------------------------------------------------------------------------------------------+
; Clock Settings Summary                                                                                                                                                             ;
+-----------------+--------------------+----------+------------------+---------------+--------------+----------+-----------------------+---------------------+--------+--------------+
; Clock Node Name ; Clock Setting Name ; Type     ; Fmax Requirement ; Early Latency ; Late Latency ; Based on ; Multiply Base Fmax by ; Divide Base Fmax by ; Offset ; Phase offset ;
+-----------------+--------------------+----------+------------------+---------------+--------------+----------+-----------------------+---------------------+--------+--------------+
; clk             ;                    ; User Pin ; None             ; 0.000 ns      ; 0.000 ns     ; --       ; N/A                   ; N/A                 ; N/A    ;              ;
+-----------------+--------------------+----------+------------------+---------------+--------------+----------+-----------------------+---------------------+--------+--------------+


+------------------------------------------+
; Parallel Compilation                     ;
+----------------------------+-------------+
; Processors                 ; Number      ;
+----------------------------+-------------+
; Number detected on machine ; 4           ;
; Maximum allowed            ; 4           ;
;                            ;             ;
; Average used               ; 1.00        ;
; Maximum used               ; 1           ;
;                            ;             ;
; Usage by Processor         ; % Time Used ;
;     1 processor            ; 100.0%      ;
;     2-4 processors         ;   0.0%      ;
+----------------------------+-------------+


+---------------------------------------------------------------------------------------------------------------------------------------------------------------------------------------------------------------+
; Clock Setup: 'clk'                                                                                                                                                                                            ;
+-------+------------------------------------------------+-------------------+----------------------+------------+----------+-----------------------------+---------------------------+-------------------------+
; Slack ; Actual fmax (period)                           ; From              ; To                   ; From Clock ; To Clock ; Required Setup Relationship ; Required Longest P2P Time ; Actual Longest P2P Time ;
+-------+------------------------------------------------+-------------------+----------------------+------------+----------+-----------------------------+---------------------------+-------------------------+
; N/A   ; Restricted to 500.00 MHz ( period = 2.000 ns ) ; PC:blockPC|out[0] ; Register:regX|out[2] ; clk        ; clk      ; None                        ; None                      ; 0.537 ns                ;
; N/A   ; Restricted to 500.00 MHz ( period = 2.000 ns ) ; PC:blockPC|out[0] ; PC:blockPC|out[2]    ; clk        ; clk      ; None                        ; None                      ; 0.773 ns                ;
; N/A   ; Restricted to 500.00 MHz ( period = 2.000 ns ) ; PC:blockPC|out[1] ; PC:blockPC|out[0]    ; clk        ; clk      ; None                        ; None                      ; 0.672 ns                ;
; N/A   ; Restricted to 500.00 MHz ( period = 2.000 ns ) ; PC:blockPC|out[0] ; PC:blockPC|out[1]    ; clk        ; clk      ; None                        ; None                      ; 0.643 ns                ;
; N/A   ; Restricted to 500.00 MHz ( period = 2.000 ns ) ; PC:blockPC|out[1] ; PC:blockPC|out[2]    ; clk        ; clk      ; None                        ; None                      ; 0.506 ns                ;
; N/A   ; Restricted to 500.00 MHz ( period = 2.000 ns ) ; PC:blockPC|out[1] ; PC:blockPC|out[1]    ; clk        ; clk      ; None                        ; None                      ; 0.488 ns                ;
; N/A   ; Restricted to 500.00 MHz ( period = 2.000 ns ) ; PC:blockPC|out[2] ; PC:blockPC|out[2]    ; clk        ; clk      ; None                        ; None                      ; 0.488 ns                ;
; N/A   ; Restricted to 500.00 MHz ( period = 2.000 ns ) ; PC:blockPC|out[2] ; PC:blockPC|out[0]    ; clk        ; clk      ; None                        ; None                      ; 0.412 ns                ;
; N/A   ; Restricted to 500.00 MHz ( period = 2.000 ns ) ; PC:blockPC|out[2] ; PC:blockPC|out[1]    ; clk        ; clk      ; None                        ; None                      ; 0.412 ns                ;
; N/A   ; Restricted to 500.00 MHz ( period = 2.000 ns ) ; PC:blockPC|out[0] ; PC:blockPC|out[0]    ; clk        ; clk      ; None                        ; None                      ; 0.396 ns                ;
+-------+------------------------------------------------+-------------------+----------------------+------------+----------+-----------------------------+---------------------------+-------------------------+


+-------------------------------------------------------------------------------------------+
; tco                                                                                       ;
+-------+--------------+------------+----------------------+-------------------+------------+
; Slack ; Required tco ; Actual tco ; From                 ; To                ; From Clock ;
+-------+--------------+------------+----------------------+-------------------+------------+
; N/A   ; None         ; 6.923 ns   ; Register:regX|out[2] ; outX[2]           ; clk        ;
; N/A   ; None         ; 5.537 ns   ; PC:blockPC|out[0]    ; memoryFunction[0] ; clk        ;
; N/A   ; None         ; 5.477 ns   ; PC:blockPC|out[0]    ; tY[1]             ; clk        ;
; N/A   ; None         ; 5.369 ns   ; PC:blockPC|out[0]    ; tY[0]             ; clk        ;
; N/A   ; None         ; 5.367 ns   ; PC:blockPC|out[0]    ; memoryValue[2]    ; clk        ;
; N/A   ; None         ; 5.367 ns   ; PC:blockPC|out[0]    ; tZ[1]             ; clk        ;
; N/A   ; None         ; 5.355 ns   ; PC:blockPC|out[0]    ; tZ[0]             ; clk        ;
; N/A   ; None         ; 5.355 ns   ; PC:blockPC|out[0]    ; tX[1]             ; clk        ;
+-------+--------------+------------+----------------------+-------------------+------------+


+--------------------------+
; Timing Analyzer Messages ;
+--------------------------+
Info: *******************************************************************
Info: Running Quartus II 64-Bit Classic Timing Analyzer
    Info: Version 9.1 Build 350 03/24/2010 Service Pack 2 SJ Full Version
    Info: Processing started: Tue Dec 03 18:02:58 2019
Info: Command: quartus_tan --read_settings_files=off --write_settings_files=off CPU -c CPU --timing_analysis_only
Info: Parallel compilation is enabled and will use 4 of the 4 processors detected
Warning: Found pins functioning as undefined clocks and/or memory enables
    Info: Assuming node "clk" is an undefined clock
Info: Clock "clk" Internal fmax is restricted to 500.0 MHz between source register "PC:blockPC|out[0]" and destination register "Register:regX|out[2]"
    Info: fmax restricted to clock pin edge rate 2.0 ns. Expand message to see actual delay path.
        Info: + Longest register to register delay is 0.537 ns
            Info: 1: + IC(0.000 ns) + CELL(0.000 ns) = 0.000 ns; Loc. = LCFF_X22_Y2_N19; Fanout = 11; REG Node = 'PC:blockPC|out[0]'
            Info: 2: + IC(0.228 ns) + CELL(0.309 ns) = 0.537 ns; Loc. = LCFF_X22_Y2_N17; Fanout = 1; REG Node = 'Register:regX|out[2]'
            Info: Total cell delay = 0.309 ns ( 57.54 % )
            Info: Total interconnect delay = 0.228 ns ( 42.46 % )
        Info: - Smallest clock skew is 0.000 ns
            Info: + Shortest clock path from clock "clk" to destination register is 2.488 ns
                Info: 1: + IC(0.000 ns) + CELL(0.854 ns) = 0.854 ns; Loc. = PIN_N20; Fanout = 1; CLK Node = 'clk'
                Info: 2: + IC(0.343 ns) + CELL(0.000 ns) = 1.197 ns; Loc. = CLKCTRL_G3; Fanout = 4; COMB Node = 'clk~clkctrl'
                Info: 3: + IC(0.673 ns) + CELL(0.618 ns) = 2.488 ns; Loc. = LCFF_X22_Y2_N17; Fanout = 1; REG Node = 'Register:regX|out[2]'
                Info: Total cell delay = 1.472 ns ( 59.16 % )
                Info: Total interconnect delay = 1.016 ns ( 40.84 % )
            Info: - Longest clock path from clock "clk" to source register is 2.488 ns
                Info: 1: + IC(0.000 ns) + CELL(0.854 ns) = 0.854 ns; Loc. = PIN_N20; Fanout = 1; CLK Node = 'clk'
                Info: 2: + IC(0.343 ns) + CELL(0.000 ns) = 1.197 ns; Loc. = CLKCTRL_G3; Fanout = 4; COMB Node = 'clk~clkctrl'
                Info: 3: + IC(0.673 ns) + CELL(0.618 ns) = 2.488 ns; Loc. = LCFF_X22_Y2_N19; Fanout = 11; REG Node = 'PC:blockPC|out[0]'
                Info: Total cell delay = 1.472 ns ( 59.16 % )
                Info: Total interconnect delay = 1.016 ns ( 40.84 % )
        Info: + Micro clock to output delay of source is 0.094 ns
        Info: + Micro setup delay of destination is 0.090 ns
        Info: Delay path is controlled by inverted clocks -- if clock duty cycle is 50%, fmax is divided by two
Info: tco from clock "clk" to destination pin "outX[2]" through register "Register:regX|out[2]" is 6.923 ns
    Info: + Longest clock path from clock "clk" to source register is 2.488 ns
        Info: 1: + IC(0.000 ns) + CELL(0.854 ns) = 0.854 ns; Loc. = PIN_N20; Fanout = 1; CLK Node = 'clk'
        Info: 2: + IC(0.343 ns) + CELL(0.000 ns) = 1.197 ns; Loc. = CLKCTRL_G3; Fanout = 4; COMB Node = 'clk~clkctrl'
        Info: 3: + IC(0.673 ns) + CELL(0.618 ns) = 2.488 ns; Loc. = LCFF_X22_Y2_N17; Fanout = 1; REG Node = 'Register:regX|out[2]'
        Info: Total cell delay = 1.472 ns ( 59.16 % )
        Info: Total interconnect delay = 1.016 ns ( 40.84 % )
    Info: + Micro clock to output delay of source is 0.094 ns
    Info: + Longest register to pin delay is 4.341 ns
        Info: 1: + IC(0.000 ns) + CELL(0.000 ns) = 0.000 ns; Loc. = LCFF_X22_Y2_N17; Fanout = 1; REG Node = 'Register:regX|out[2]'
        Info: 2: + IC(2.343 ns) + CELL(1.998 ns) = 4.341 ns; Loc. = PIN_C11; Fanout = 0; PIN Node = 'outX[2]'
        Info: Total cell delay = 1.998 ns ( 46.03 % )
        Info: Total interconnect delay = 2.343 ns ( 53.97 % )
Info: Quartus II 64-Bit Classic Timing Analyzer was successful. 0 errors, 1 warning
    Info: Peak virtual memory: 4367 megabytes
    Info: Processing ended: Tue Dec 03 18:02:58 2019
    Info: Elapsed time: 00:00:00
    Info: Total CPU time (on all processors): 00:00:00


