Flow report for CPU
Wed Dec 11 16:51:20 2019
Quartus II Version 9.1 Build 350 03/24/2010 Service Pack 2 SJ Full Version


---------------------
; Table of Contents ;
---------------------
  1. Legal Notice
  2. Flow Summary
  3. Flow Settings
  4. Flow Non-Default Global Settings
  5. Flow Elapsed Time
  6. Flow OS Summary
  7. Flow Log



----------------
; Legal Notice ;
----------------
Copyright (C) 1991-2010 Altera Corporation
Your use of Altera Corporation's design tools, logic functions 
and other software and tools, and its AMPP partner logic 
functions, and any output files from any of the foregoing 
(including device programming or simulation files), and any 
associated documentation or information are expressly subject 
to the terms and conditions of the Altera Program License 
Subscription Agreement, Altera MegaCore Function License 
Agreement, or other applicable license agreement, including, 
without limitation, that your use is for the sole purpose of 
programming logic devices manufactured by Altera and sold by 
Altera or its authorized distributors.  Please refer to the 
applicable agreement for further details.



+-------------------------------------------------------------------------+
; Flow Summary                                                            ;
+-------------------------+-----------------------------------------------+
; Flow Status             ; Successful - Wed Dec 11 16:51:20 2019         ;
; Quartus II Version      ; 9.1 Build 350 03/24/2010 SP 2 SJ Full Version ;
; Revision Name           ; CPU                                           ;
; Top-level Entity Name   ; CPU                                           ;
; Family                  ; MAX II                                        ;
; Met timing requirements ; No                                            ;
; Total logic elements    ; 48 / 240 ( 20 % )                             ;
; Total pins              ; 36 / 80 ( 45 % )                              ;
; Total virtual pins      ; 0                                             ;
; UFM blocks              ; 0 / 1 ( 0 % )                                 ;
; Device                  ; EPM240T100C3                                  ;
; Timing Models           ; Final                                         ;
+-------------------------+-----------------------------------------------+


+-----------------------------------------+
; Flow Settings                           ;
+-------------------+---------------------+
; Option            ; Setting             ;
+-------------------+---------------------+
; Start date & time ; 12/11/2019 16:51:13 ;
; Main task         ; Compilation         ;
; Revision Name     ; CPU                 ;
+-------------------+---------------------+


+------------------------------------------------------------------------------------------------------------------------------+
; Flow Non-Default Global Settings                                                                                             ;
+---------------------------------+---------------------------------------------+---------------+-------------+----------------+
; Assignment Name                 ; Value                                       ; Default Value ; Entity Name ; Section Id     ;
+---------------------------------+---------------------------------------------+---------------+-------------+----------------+
; COMPILER_SIGNATURE_ID           ; 229335799398848.157609387209812             ; --            ; --          ; --             ;
; EDA_GENERATE_FUNCTIONAL_NETLIST ; On                                          ; --            ; --          ; eda_simulation ;
; EDA_NETLIST_WRITER_OUTPUT_DIR   ; /home/CIN/phts/Desktop/CPU/simulation/qsim/ ; --            ; --          ; eda_simulation ;
; EDA_OUTPUT_DATA_FORMAT          ; Verilog Hdl                                 ; --            ; --          ; eda_simulation ;
; EDA_SIMULATION_TOOL             ; ModelSim-Altera (Verilog)                   ; <None>        ; --          ; --             ;
; EDA_TIME_SCALE                  ; 1 ps                                        ; --            ; --          ; eda_simulation ;
; PROJECT_OUTPUT_DIRECTORY        ; output_files                                ; --            ; --          ; --             ;
+---------------------------------+---------------------------------------------+---------------+-------------+----------------+


+-----------------------------------------------------------------------------------------------------------------------------+
; Flow Elapsed Time                                                                                                           ;
+-------------------------+--------------+-------------------------+---------------------+------------------------------------+
; Module Name             ; Elapsed Time ; Average Processors Used ; Peak Virtual Memory ; Total CPU Time (on all processors) ;
+-------------------------+--------------+-------------------------+---------------------+------------------------------------+
; Analysis & Synthesis    ; 00:00:01     ; 1.0                     ; 232 MB              ; 00:00:01                           ;
; Fitter                  ; 00:00:01     ; 1.0                     ; 300 MB              ; 00:00:01                           ;
; Assembler               ; 00:00:01     ; 1.0                     ; 200 MB              ; 00:00:00                           ;
; Classic Timing Analyzer ; 00:00:00     ; 1.0                     ; 171 MB              ; 00:00:00                           ;
; EDA Netlist Writer      ; 00:00:01     ; 1.0                     ; 181 MB              ; 00:00:00                           ;
; Total                   ; 00:00:04     ; --                      ; --                  ; 00:00:02                           ;
+-------------------------+--------------+-------------------------+---------------------+------------------------------------+


+------------------------------------------------------------------------------------------+
; Flow OS Summary                                                                          ;
+-------------------------+------------------+---------------+------------+----------------+
; Module Name             ; Machine Hostname ; OS Name       ; OS Version ; Processor type ;
+-------------------------+------------------+---------------+------------+----------------+
; Analysis & Synthesis    ; G3C29            ; Windows Vista ; 6.2        ; x86_64         ;
; Fitter                  ; G3C29            ; Windows Vista ; 6.2        ; x86_64         ;
; Assembler               ; G3C29            ; Windows Vista ; 6.2        ; x86_64         ;
; Classic Timing Analyzer ; G3C29            ; Windows Vista ; 6.2        ; x86_64         ;
; EDA Netlist Writer      ; G3C29            ; Windows Vista ; 6.2        ; x86_64         ;
+-------------------------+------------------+---------------+------------+----------------+


------------
; Flow Log ;
------------
quartus_map --read_settings_files=on --write_settings_files=off CPU -c CPU
quartus_fit --read_settings_files=off --write_settings_files=off CPU -c CPU
quartus_asm --read_settings_files=off --write_settings_files=off CPU -c CPU
quartus_tan --read_settings_files=off --write_settings_files=off CPU -c CPU
quartus_eda --read_settings_files=off --write_settings_files=off CPU -c CPU



